<?xml version="1.0" encoding="UTF-8"?>
<!-- Generated by org.testng.reporters.JUnitReportReporter -->
<testsuite hostname="LAPTOP-A33VPA5Q" failures="0" tests="1" name="com.Demo_EComm.Testcase2" time="20.827" errors="0" timestamp="2022-05-08T22:58:28 GST" skipped="0">
  <testcase classname="com.Demo_EComm.Testcase2" name="testcase2" time="20.827"/>
  <system-out/>
</testsuite> <!-- com.Demo_EComm.Testcase2 -->
