<?xml version="1.0" encoding="UTF-8"?>
<!-- Generated by org.testng.reporters.JUnitReportReporter -->
<testsuite hostname="LAPTOP-A33VPA5Q" failures="0" tests="1" name="com.Demo_EComm.NewTest" time="20.396" errors="0" timestamp="2022-05-08T17:46:04 GST" skipped="0">
  <testcase classname="com.Demo_EComm.NewTest" name="testcase1" time="20.396"/>
  <system-out/>
</testsuite> <!-- com.Demo_EComm.NewTest -->
