<?xml version="1.0" encoding="UTF-8"?>
<!-- Generated by org.testng.reporters.JUnitReportReporter -->
<testsuite hostname="LAPTOP-A33VPA5Q" failures="0" tests="1" name="com.Demo_EComm.Testcase3" time="37.325" errors="0" timestamp="2022-05-09T10:35:43 GST" skipped="0">
  <testcase classname="com.Demo_EComm.Testcase3" name="f" time="37.325"/>
  <system-out/>
</testsuite> <!-- com.Demo_EComm.Testcase3 -->
